2025-01-02 22:36:31,628 - my_logger - INFO - fetch_expense_summary called with start:2024-08-01 end: 2024-08-20
2025-01-02 22:38:52,833 - my_logger - INFO - fetch_expense_summary called with start:2024-08-01 end: 2024-08-20
2025-01-02 23:01:47,586 - db_helper.py - INFO - delete_expense_for_date called with 2024-08-28
2025-01-02 23:01:47,632 - db_helper.py - INFO - insert_expense called with 2024-08-28
2025-01-02 23:01:47,640 - db_helper.py - INFO - insert_expense called with 2024-08-28
2025-01-02 23:02:46,105 - db_helper.py - INFO - fetch_expenses_for_date called with2024-08-21
2025-01-02 23:02:56,814 - db_helper.py - INFO - fetch_expenses_for_date called with2024-08-25
2025-01-03 19:40:44,622 - db_helper.py - INFO - fetch_expenses_for_date called with2024-08-01
2025-01-03 19:40:50,096 - db_helper.py - INFO - fetch_expenses_for_date called with2024-08-02
2025-01-03 19:41:08,258 - db_helper.py - INFO - fetch_expenses_for_date called with2024-08-06
2025-01-03 20:07:00,346 - db_helper.py - INFO - fetch_expenses_for_date called with2024-08-22
2025-01-03 20:07:14,310 - db_helper.py - INFO - fetch_expenses_for_date called with2024-08-22
2025-01-03 20:07:37,758 - db_helper.py - INFO - fetch_expenses_for_date called with2024-08-22
2025-01-03 20:07:42,607 - db_helper.py - INFO - fetch_expenses_for_date called with2024-08-14
2025-01-03 20:07:56,272 - db_helper.py - INFO - fetch_expenses_for_date called with2024-08-14
2025-01-03 20:08:01,997 - db_helper.py - INFO - fetch_expenses_for_date called with2024-08-08
2025-01-03 20:08:17,484 - db_helper.py - INFO - fetch_expenses_for_date called with2024-08-01
2025-01-03 20:08:21,652 - db_helper.py - INFO - fetch_expenses_for_date called with2024-08-19
2025-01-03 20:08:23,448 - db_helper.py - INFO - fetch_expenses_for_date called with2024-08-20
2025-01-03 20:08:27,961 - db_helper.py - INFO - fetch_expenses_for_date called with2024-08-16
2025-01-03 20:08:36,484 - db_helper.py - INFO - fetch_expenses_for_date called with2024-08-11
2025-01-03 20:08:54,503 - db_helper.py - INFO - fetch_expenses_for_date called with2024-08-01
2025-01-03 20:08:59,879 - db_helper.py - INFO - fetch_expenses_for_date called with2024-08-05
2025-01-03 20:10:15,654 - db_helper.py - INFO - fetch_expenses_for_date called with2024-08-22
2025-01-03 20:10:20,529 - db_helper.py - INFO - fetch_expenses_for_date called with2024-08-01
2025-01-03 20:10:25,403 - db_helper.py - INFO - fetch_expenses_for_date called with2024-08-09
2025-01-03 20:10:30,701 - db_helper.py - INFO - fetch_expenses_for_date called with2024-08-18
2025-01-03 20:10:34,913 - db_helper.py - INFO - fetch_expenses_for_date called with2024-08-30
2025-01-03 20:10:41,517 - db_helper.py - INFO - fetch_expenses_for_date called with2023-08-16
2025-01-03 20:10:46,134 - db_helper.py - INFO - fetch_expenses_for_date called with2023-08-14
2025-01-04 18:55:53,134 - db_helper.py - INFO - fetch_expenses_for_date called with2025-01-21
2025-01-04 18:56:47,503 - db_helper.py - INFO - fetch_expenses_for_date called with2025-01-21
2025-01-04 18:59:06,053 - db_helper.py - INFO - fetch_expenses_for_date called with2025-01-08
2025-01-04 18:59:23,915 - db_helper.py - INFO - fetch_expenses_for_date called with2025-08-08
2025-01-04 18:59:31,225 - db_helper.py - INFO - fetch_expenses_for_date called with2025-08-20
2025-01-04 18:59:40,997 - db_helper.py - INFO - fetch_expenses_for_date called with2024-08-08
2025-01-04 18:59:45,567 - db_helper.py - INFO - fetch_expenses_for_date called with2024-08-20
2025-01-04 19:00:51,871 - db_helper.py - INFO - fetch_expenses_for_date called with2024-08-20
2025-01-04 19:18:07,571 - db_helper.py - INFO - fetch_expenses_for_date called with2024-08-20
2025-01-04 19:18:12,039 - db_helper.py - INFO - fetch_expenses_for_date called with2024-08-20
2025-01-04 19:18:30,400 - db_helper.py - INFO - fetch_expenses_for_date called with2024-08-20
2025-01-04 19:20:18,536 - db_helper.py - INFO - fetch_expenses_for_date called with2024-08-19
2025-01-04 19:20:31,542 - db_helper.py - INFO - fetch_expenses_for_date called with2024-08-17
2025-01-04 19:20:37,035 - db_helper.py - INFO - fetch_expenses_for_date called with2024-08-08
2025-01-04 19:20:41,707 - db_helper.py - INFO - fetch_expenses_for_date called with2024-08-04
2025-01-04 19:21:36,724 - db_helper.py - INFO - fetch_expenses_for_date called with2024-08-01
2025-01-04 19:24:49,628 - db_helper.py - INFO - fetch_expenses_for_date called with2024-08-01
2025-01-04 19:25:57,732 - db_helper.py - INFO - fetch_expenses_for_date called with2024-08-02
2025-01-04 19:26:03,310 - db_helper.py - INFO - fetch_expenses_for_date called with2024-08-07
2025-01-04 19:26:07,524 - db_helper.py - INFO - fetch_expenses_for_date called with2024-08-10
2025-01-04 19:26:12,791 - db_helper.py - INFO - fetch_expenses_for_date called with2024-08-29
2025-01-04 19:26:17,817 - db_helper.py - INFO - fetch_expenses_for_date called with2024-08-30
2025-01-04 19:26:22,620 - db_helper.py - INFO - fetch_expenses_for_date called with2024-08-31
2025-01-04 19:26:32,521 - db_helper.py - INFO - fetch_expenses_for_date called with2024-09-01
2025-01-04 19:47:01,988 - db_helper.py - INFO - fetch_expenses_for_date called with2024-09-01
2025-01-04 19:47:08,040 - db_helper.py - INFO - fetch_expenses_for_date called with2024-09-07
2025-01-04 19:48:07,098 - db_helper.py - INFO - fetch_expenses_for_date called with2024-09-07
2025-01-04 19:48:09,168 - db_helper.py - INFO - delete_expense_for_date called with 2024-09-07
2025-01-04 19:48:09,182 - db_helper.py - INFO - insert_expense called with 2024-09-07
2025-01-04 19:48:09,201 - db_helper.py - INFO - insert_expense called with 2024-09-07
2025-01-04 19:48:09,221 - db_helper.py - INFO - insert_expense called with 2024-09-07
2025-01-04 19:48:17,768 - db_helper.py - INFO - fetch_expenses_for_date called with2024-09-05
2025-01-04 19:48:22,877 - db_helper.py - INFO - fetch_expenses_for_date called with2024-09-07
2025-01-04 19:50:05,253 - db_helper.py - INFO - fetch_expenses_for_date called with2024-09-07
2025-01-04 19:50:11,875 - db_helper.py - INFO - fetch_expenses_for_date called with2024-09-08
2025-01-04 19:50:52,149 - db_helper.py - INFO - fetch_expenses_for_date called with2024-09-08
2025-01-04 19:50:54,223 - db_helper.py - INFO - delete_expense_for_date called with 2024-09-08
2025-01-04 19:50:54,238 - db_helper.py - INFO - insert_expense called with 2024-09-08
2025-01-04 19:50:54,254 - db_helper.py - INFO - insert_expense called with 2024-09-08
2025-01-04 19:50:54,264 - db_helper.py - INFO - insert_expense called with 2024-09-08
2025-01-04 19:51:30,035 - db_helper.py - INFO - fetch_expenses_for_date called with2024-09-08
2025-01-04 19:51:36,727 - db_helper.py - INFO - fetch_expenses_for_date called with2024-09-10
2025-01-04 19:52:25,736 - db_helper.py - INFO - fetch_expenses_for_date called with2024-09-10
2025-01-04 19:52:27,811 - db_helper.py - INFO - delete_expense_for_date called with 2024-09-10
2025-01-04 19:52:27,819 - db_helper.py - INFO - insert_expense called with 2024-09-10
2025-01-04 19:52:27,832 - db_helper.py - INFO - insert_expense called with 2024-09-10
2025-01-04 19:52:27,849 - db_helper.py - INFO - insert_expense called with 2024-09-10
2025-01-04 19:53:18,244 - db_helper.py - INFO - fetch_expenses_for_date called with2024-07-02
2025-01-04 19:53:34,799 - db_helper.py - INFO - fetch_expenses_for_date called with2024-07-11
2025-01-04 19:53:49,675 - db_helper.py - INFO - fetch_expenses_for_date called with2024-07-23
2025-01-04 19:53:59,267 - db_helper.py - INFO - fetch_expenses_for_date called with2024-08-20
2025-01-04 19:54:12,019 - db_helper.py - INFO - fetch_expenses_for_date called with2024-08-23
2025-01-04 19:54:18,935 - db_helper.py - INFO - fetch_expenses_for_date called with2024-08-02
2025-01-04 19:54:26,001 - db_helper.py - INFO - fetch_expenses_for_date called with2024-08-11
2025-01-04 19:54:30,966 - db_helper.py - INFO - fetch_expenses_for_date called with2024-08-01
2025-01-04 19:55:00,654 - db_helper.py - INFO - fetch_expenses_for_date called with2022-11-10
2025-01-04 19:55:51,101 - db_helper.py - INFO - fetch_expenses_for_date called with2022-11-10
2025-01-04 19:55:53,180 - db_helper.py - INFO - delete_expense_for_date called with 2022-11-10
2025-01-04 19:55:53,191 - db_helper.py - INFO - insert_expense called with 2022-11-10
2025-01-04 19:56:12,361 - db_helper.py - INFO - fetch_expenses_for_date called with2022-11-16
2025-01-04 19:56:23,271 - db_helper.py - INFO - fetch_expenses_for_date called with2022-11-16
2025-01-04 19:56:33,968 - db_helper.py - INFO - fetch_expenses_for_date called with2022-11-10
2025-01-04 19:56:43,083 - db_helper.py - INFO - fetch_expenses_for_date called with2022-11-01
2025-01-04 19:56:48,434 - db_helper.py - INFO - fetch_expenses_for_date called with2022-11-10
2025-01-04 19:56:53,323 - db_helper.py - INFO - fetch_expenses_for_date called with2022-11-14
2025-01-04 19:57:11,246 - db_helper.py - INFO - fetch_expenses_for_date called with2022-11-17
2025-01-04 19:57:18,253 - db_helper.py - INFO - fetch_expenses_for_date called with2022-11-10
2025-01-05 14:00:13,915 - db_helper.py - INFO - fetch_expense_summary called with start:2024-08-01 end: 2024-08-05
2025-01-05 14:33:08,285 - db_helper.py - INFO - fetch_expenses_for_date called with2025-01-05
2025-01-05 14:33:23,111 - db_helper.py - INFO - fetch_expenses_for_date called with2025-01-17
2025-01-05 14:33:31,138 - db_helper.py - INFO - fetch_expenses_for_date called with2025-01-07
2025-01-05 14:33:42,682 - db_helper.py - INFO - fetch_expenses_for_date called with2025-08-08
2025-01-05 14:33:47,078 - db_helper.py - INFO - fetch_expenses_for_date called with2025-08-01
2025-01-05 14:33:52,376 - db_helper.py - INFO - fetch_expenses_for_date called with2025-08-02
2025-01-05 14:34:01,127 - db_helper.py - INFO - fetch_expenses_for_date called with2024-08-01
2025-01-05 14:36:37,090 - db_helper.py - INFO - fetch_expenses_for_date called with2024-08-01
2025-01-05 17:57:56,871 - db_helper.py - INFO - fetch_expenses_for_date called with2024-08-01
2025-01-05 17:58:30,631 - db_helper.py - INFO - fetch_expenses_for_date called with2024-08-01
2025-01-05 17:58:35,703 - db_helper.py - INFO - fetch_expenses_for_date called with2024-08-01
2025-01-05 17:59:05,144 - db_helper.py - INFO - fetch_expenses_for_date called with2024-08-01
2025-01-05 17:59:08,543 - db_helper.py - INFO - fetch_expenses_for_date called with2024-08-01
2025-01-05 17:59:25,306 - db_helper.py - INFO - fetch_expenses_for_date called with2024-08-01
2025-01-05 17:59:26,573 - db_helper.py - INFO - fetch_expenses_for_date called with2024-08-01
2025-01-05 17:59:36,633 - db_helper.py - INFO - fetch_expenses_for_date called with2024-08-01
2025-01-05 17:59:37,454 - db_helper.py - INFO - fetch_expenses_for_date called with2024-08-01
2025-01-05 18:00:18,392 - db_helper.py - INFO - fetch_expenses_for_date called with2024-08-01
2025-01-05 18:00:21,778 - db_helper.py - INFO - fetch_expenses_for_date called with2024-08-01
2025-01-05 18:00:45,328 - db_helper.py - INFO - fetch_expenses_for_date called with2024-08-14
2025-01-05 18:00:50,306 - db_helper.py - INFO - fetch_expenses_for_date called with2024-08-20
2025-01-05 18:01:00,907 - db_helper.py - INFO - fetch_expenses_for_date called with2024-08-12
2025-01-05 18:01:07,911 - db_helper.py - INFO - fetch_expenses_for_date called with2023-08-10
2025-01-05 18:01:12,003 - db_helper.py - INFO - fetch_expenses_for_date called with2023-08-07
2025-01-05 18:01:15,636 - db_helper.py - INFO - fetch_expenses_for_date called with2023-08-02
2025-01-05 18:01:22,028 - db_helper.py - INFO - fetch_expenses_for_date called with2023-07-04
2025-01-05 18:01:26,083 - db_helper.py - INFO - fetch_expenses_for_date called with2023-07-15
2025-01-05 18:01:30,282 - db_helper.py - INFO - fetch_expenses_for_date called with2023-07-24
2025-01-05 18:01:37,957 - db_helper.py - INFO - fetch_expenses_for_date called with2022-09-27
2025-01-05 18:01:41,682 - db_helper.py - INFO - fetch_expenses_for_date called with2022-09-29
2025-01-05 18:02:53,535 - db_helper.py - INFO - fetch_expenses_for_date called with2024-09-07
2025-01-05 18:03:11,451 - db_helper.py - INFO - fetch_expenses_for_date called with2024-09-07
2025-01-05 18:03:13,994 - db_helper.py - INFO - fetch_expenses_for_date called with2024-09-07
2025-01-05 18:03:48,639 - db_helper.py - INFO - fetch_expenses_for_date called with2024-09-07
2025-01-05 18:03:51,872 - db_helper.py - INFO - fetch_expenses_for_date called with2024-09-07
2025-01-05 18:03:53,958 - db_helper.py - INFO - fetch_expense_summary called with start:2024-08-01 end: 2024-09-09
2025-01-05 18:04:33,016 - db_helper.py - INFO - fetch_expenses_for_date called with2024-09-07
2025-01-05 18:04:35,753 - db_helper.py - INFO - fetch_expenses_for_date called with2024-09-07
2025-01-05 18:04:37,839 - db_helper.py - INFO - fetch_expense_summary called with start:2024-08-01 end: 2024-08-21
2025-01-05 18:11:10,982 - db_helper.py - INFO - fetch_expenses_for_date called with2024-09-07
2025-01-05 18:11:14,137 - db_helper.py - INFO - fetch_expenses_for_date called with2024-09-07
2025-01-05 18:11:16,224 - db_helper.py - INFO - fetch_expense_summary called with start:2024-08-01 end: 2024-08-21
2025-01-05 18:11:38,380 - db_helper.py - INFO - fetch_expenses_for_date called with2024-09-07
2025-01-05 18:11:41,937 - db_helper.py - INFO - fetch_expenses_for_date called with2024-09-07
2025-01-05 18:11:44,017 - db_helper.py - INFO - fetch_expense_summary called with start:2024-08-01 end: 2024-08-21
2025-01-05 18:12:02,779 - db_helper.py - INFO - fetch_expenses_for_date called with2024-09-07
2025-01-05 18:12:06,044 - db_helper.py - INFO - fetch_expenses_for_date called with2024-09-07
2025-01-05 18:12:08,139 - db_helper.py - INFO - fetch_expense_summary called with start:2024-08-01 end: 2024-08-19
2025-01-05 18:17:31,400 - db_helper.py - INFO - fetch_expenses_for_date called with2024-09-07
2025-01-05 18:17:34,744 - db_helper.py - INFO - fetch_expenses_for_date called with2024-09-07
2025-01-05 18:17:36,832 - db_helper.py - INFO - fetch_expense_summary called with start:2024-08-01 end: 2024-08-19
2025-01-05 18:19:51,226 - db_helper.py - INFO - fetch_expenses_for_date called with2024-09-07
2025-01-05 18:19:54,724 - db_helper.py - INFO - fetch_expenses_for_date called with2024-09-07
2025-01-05 18:19:56,813 - db_helper.py - INFO - fetch_expense_summary called with start:2024-08-01 end: 2024-08-19
2025-01-05 18:20:31,783 - db_helper.py - INFO - fetch_expenses_for_date called with2024-09-07
2025-01-05 18:20:34,926 - db_helper.py - INFO - fetch_expenses_for_date called with2024-09-07
2025-01-05 18:20:37,009 - db_helper.py - INFO - fetch_expense_summary called with start:2024-08-01 end: 2024-08-19
2025-01-05 18:45:56,866 - db_helper.py - INFO - fetch_expenses_for_date called with2024-09-07
2025-01-05 18:50:29,694 - db_helper.py - INFO - fetch_expenses_for_date called with2024-09-07
2025-01-05 18:50:36,812 - db_helper.py - INFO - fetch_expenses_for_date called with2024-09-07
2025-01-05 18:50:38,892 - db_helper.py - INFO - fetch_expense_summary called with start:2024-08-01 end: 2024-08-19
2025-01-05 18:51:04,167 - db_helper.py - INFO - fetch_expense_for_months
2025-01-06 11:20:46,703 - db_helper.py - INFO - fetch_expenses_for_date called with2025-01-06
2025-01-06 11:20:52,431 - db_helper.py - INFO - fetch_expenses_for_date called with2025-01-06
2025-01-06 11:20:54,492 - db_helper.py - INFO - fetch_expense_summary called with start:2024-08-01 end: 2024-08-05
2025-01-06 11:26:22,774 - db_helper.py - INFO - fetch_expenses_for_date called with2025-01-06
2025-01-06 11:28:02,032 - db_helper.py - INFO - fetch_expenses_for_date called with2025-01-06
2025-01-06 11:28:43,837 - db_helper.py - INFO - fetch_expense_summary_by_months
2025-01-06 11:29:18,584 - db_helper.py - INFO - fetch_expense_summary_by_months
2025-01-06 11:30:15,629 - db_helper.py - INFO - fetch_expense_summary called with start:2024-08-01 end: 2024-08-05
2025-01-06 11:30:36,962 - db_helper.py - INFO - fetch_expense_summary_by_months
2025-01-24 18:12:18,566 - db_helper.py - INFO - fetch_expenses_for_date called with2025-01-24
2025-01-24 18:12:36,410 - db_helper.py - INFO - fetch_expenses_for_date called with2025-01-24
2025-01-24 18:12:38,501 - db_helper.py - INFO - fetch_expense_summary called with start:2024-08-01 end: 2024-08-05
2025-01-24 18:14:04,818 - db_helper.py - INFO - fetch_expense_summary_by_months
2025-01-24 18:14:14,344 - db_helper.py - INFO - fetch_expense_summary_by_months
2025-01-24 18:14:51,243 - db_helper.py - INFO - fetch_expense_summary_by_months
2025-01-24 18:18:33,119 - db_helper.py - INFO - fetch_expenses_for_date called with2025-01-24
2025-01-24 18:19:09,133 - db_helper.py - INFO - fetch_expense_summary_by_months
2025-01-24 18:21:26,720 - db_helper.py - INFO - fetch_expenses_for_date called with2025-01-24
2025-01-24 18:22:06,613 - db_helper.py - INFO - fetch_expenses_for_date called with2025-01-24
2025-01-24 18:22:08,672 - db_helper.py - INFO - fetch_expense_summary_by_months
2025-01-24 18:28:50,960 - db_helper.py - INFO - fetch_expenses_for_date called with2025-01-24
2025-01-24 18:28:53,041 - db_helper.py - INFO - fetch_expense_summary_by_months
2025-01-24 18:28:57,247 - db_helper.py - INFO - fetch_expenses_for_date called with2025-01-24
2025-01-24 18:28:59,342 - db_helper.py - INFO - fetch_expense_summary_by_months
2025-01-24 18:29:03,392 - db_helper.py - INFO - fetch_expenses_for_date called with2025-01-24
2025-01-24 18:29:05,476 - db_helper.py - INFO - fetch_expense_summary called with start:2024-08-15 end: 2024-09-24
2025-01-24 18:29:07,542 - db_helper.py - INFO - fetch_expense_summary_by_months
